c:\users\andrz\source\repos\gk_4\gk_4\x64\debug\vc143.pdb
c:\users\andrz\source\repos\gk_4\gk_4\x64\debug\vc143.idb
c:\users\andrz\source\repos\gk_4\gk_4\x64\debug\vector3.obj
c:\users\andrz\source\repos\gk_4\gk_4\x64\debug\vbo.obj
c:\users\andrz\source\repos\gk_4\gk_4\x64\debug\vao.obj
c:\users\andrz\source\repos\gk_4\gk_4\x64\debug\texture.obj
c:\users\andrz\source\repos\gk_4\gk_4\x64\debug\stb.obj
c:\users\andrz\source\repos\gk_4\gk_4\x64\debug\shader.obj
c:\users\andrz\source\repos\gk_4\gk_4\x64\debug\renderedobject.obj
c:\users\andrz\source\repos\gk_4\gk_4\x64\debug\program.obj
c:\users\andrz\source\repos\gk_4\gk_4\x64\debug\object.obj
c:\users\andrz\source\repos\gk_4\gk_4\x64\debug\model.obj
c:\users\andrz\source\repos\gk_4\gk_4\x64\debug\matrix4.obj
c:\users\andrz\source\repos\gk_4\gk_4\x64\debug\main.obj
c:\users\andrz\source\repos\gk_4\gk_4\x64\debug\lightsource.obj
c:\users\andrz\source\repos\gk_4\gk_4\x64\debug\ebo.obj
c:\users\andrz\source\repos\gk_4\gk_4\x64\debug\camera.obj
c:\users\andrz\source\repos\gk_4\gk_4\x64\debug\glad.obj
c:\users\andrz\source\repos\gk_4\x64\debug\gk_4.pdb
c:\users\andrz\source\repos\gk_4\gk_4\x64\debug\gk_4.tlog\cl.command.1.tlog
c:\users\andrz\source\repos\gk_4\gk_4\x64\debug\gk_4.tlog\cl.read.1.tlog
c:\users\andrz\source\repos\gk_4\gk_4\x64\debug\gk_4.tlog\cl.write.1.tlog
c:\users\andrz\source\repos\gk_4\gk_4\x64\debug\gk_4.tlog\link-cvtres.read.1.tlog
c:\users\andrz\source\repos\gk_4\gk_4\x64\debug\gk_4.tlog\link-cvtres.write.1.tlog
c:\users\andrz\source\repos\gk_4\gk_4\x64\debug\gk_4.tlog\link-rc.read.1.tlog
c:\users\andrz\source\repos\gk_4\gk_4\x64\debug\gk_4.tlog\link-rc.write.1.tlog
c:\users\andrz\source\repos\gk_4\gk_4\x64\debug\gk_4.tlog\link.command.1.tlog
c:\users\andrz\source\repos\gk_4\gk_4\x64\debug\gk_4.tlog\link.read.1.tlog
c:\users\andrz\source\repos\gk_4\gk_4\x64\debug\gk_4.tlog\link.read.2.tlog
c:\users\andrz\source\repos\gk_4\gk_4\x64\debug\gk_4.tlog\link.write.1.tlog
